<?xml version="1.0" encoding="UTF-8"?>
<testng-results ignored="0" total="1" passed="1" failed="0" skipped="0">
  <reporter-output>
  </reporter-output>
  <suite started-at="2025-01-19T19:55:51 IST" name="Default suite" finished-at="2025-01-19T19:55:51 IST" duration-ms="82">
    <groups>
    </groups>
    <test started-at="2025-01-19T19:55:51 IST" name="Default test" finished-at="2025-01-19T19:55:51 IST" duration-ms="82">
      <class name="PS1">
        <test-method is-config="true" signature="beforeRun()[pri:0, instance:PS1@7d8995e]" started-at="2025-01-19T19:55:51 IST" name="beforeRun" finished-at="2025-01-19T19:55:51 IST" duration-ms="11" status="PASS">
          <reporter-output>
          </reporter-output>
        </test-method> <!-- beforeRun -->
        <test-method signature="testRun()[pri:0, instance:PS1@7d8995e]" started-at="2025-01-19T19:55:51 IST" name="testRun" finished-at="2025-01-19T19:55:51 IST" duration-ms="11" status="PASS">
          <reporter-output>
          </reporter-output>
        </test-method> <!-- testRun -->
        <test-method is-config="true" signature="afterMethod()[pri:0, instance:PS1@7d8995e]" started-at="2025-01-19T19:55:51 IST" name="afterMethod" finished-at="2025-01-19T19:55:51 IST" duration-ms="1" status="PASS">
          <reporter-output>
          </reporter-output>
        </test-method> <!-- afterMethod -->
      </class> <!-- PS1 -->
    </test> <!-- Default test -->
  </suite> <!-- Default suite -->
</testng-results>
